<?xml version="1.0" encoding="UTF-8"?>
<testng-results ignored="0" total="1" passed="1" failed="0" skipped="0">
  <reporter-output>
  </reporter-output>
  <suite started-at="2023-12-16T18:24:36 IST" name="Default suite" finished-at="2023-12-16T18:24:42 IST" duration-ms="6241">
    <groups>
    </groups>
    <test started-at="2023-12-16T18:24:36 IST" name="Default test" finished-at="2023-12-16T18:24:42 IST" duration-ms="6241">
      <class name="com.test.PrintHtmltable">
        <test-method is-config="true" signature="before()[pri:0, instance:com.test.PrintHtmltable@6adbc9d]" started-at="2023-12-16T18:24:36 IST" name="before" finished-at="2023-12-16T18:24:42 IST" duration-ms="5840" status="PASS">
          <reporter-output>
          </reporter-output>
        </test-method> <!-- before -->
        <test-method signature="a1()[pri:0, instance:com.test.PrintHtmltable@6adbc9d]" started-at="2023-12-16T18:24:42 IST" name="a1" finished-at="2023-12-16T18:24:42 IST" duration-ms="177" status="PASS">
          <reporter-output>
          </reporter-output>
        </test-method> <!-- a1 -->
        <test-method is-config="true" signature="after()[pri:0, instance:com.test.PrintHtmltable@6adbc9d]" started-at="2023-12-16T18:24:42 IST" name="after" finished-at="2023-12-16T18:24:42 IST" duration-ms="180" status="PASS">
          <reporter-output>
          </reporter-output>
        </test-method> <!-- after -->
      </class> <!-- com.test.PrintHtmltable -->
    </test> <!-- Default test -->
  </suite> <!-- Default suite -->
</testng-results>
